<?xml version="1.0" encoding="UTF-8"?>
<!-- Generated by org.testng.reporters.JUnitXMLReporter -->
<testsuite hostname="DESKTOP-HGGBPMG" ignored="0" name="Undrotres_chrome" tests="1" failures="0" timestamp="2021-08-16T08:51:17 IST" time="1.35" errors="0">
  <testcase name="@BeforeSuite launch" time="-1.629084076376E9" classname="com.automation.testbase.TestBase">
    <failure type="org.testng.TestNGException" message="
Parameter &amp;apos;browser&amp;apos; is required by BeforeSuite on method launch but has not been marked @Optional or defined
in E:\eclipse_Workspace\WorkspaceTesting\Undotres\testng.xml">
      <![CDATA[org.testng.TestNGException: 
Parameter 'browser' is required by BeforeSuite on method launch but has not been marked @Optional or defined
in E:\eclipse_Workspace\WorkspaceTesting\Undotres\testng.xml
... Removed 16 stack frames]]>
    </failure>
  </testcase> <!-- @BeforeSuite launch -->
  <testcase name="rechargeDetails" time="0.0" classname="com.automation.testscript.Recharge_TC">
    <skipped/>
  </testcase> <!-- rechargeDetails -->
</testsuite> <!-- Undrotres_chrome -->
